<?xml version="1.0" encoding="UTF-8"?>
<testng-results ignored="0" total="1" passed="1" failed="0" skipped="0">
  <reporter-output>
  </reporter-output>
  <suite started-at="2024-12-05T18:24:06 IST" name="Default suite" finished-at="2024-12-05T18:24:29 IST" duration-ms="23111">
    <groups>
      <group name="cucumber">
        <method signature="AbstractTestNGCucumberTests.runScenario(io.cucumber.testng.PickleWrapper,io.cucumber.testng.FeatureWrapper)[pri:0, instance:CucumberExecutor.TestRunner@291caca8]" name="runScenario" class="io.cucumber.testng.AbstractTestNGCucumberTests"/>
      </group> <!-- cucumber -->
    </groups>
    <test started-at="2024-12-05T18:24:06 IST" name="Default test" finished-at="2024-12-05T18:24:29 IST" duration-ms="23111">
      <class name="CucumberExecutor.TestRunner">
        <test-method is-config="true" signature="setUpClass(org.testng.ITestContext)[pri:0, instance:CucumberExecutor.TestRunner@291caca8]" started-at="2024-12-05T18:24:06 IST" name="setUpClass" finished-at="2024-12-05T18:24:07 IST" duration-ms="558" status="PASS">
          <params>
            <param index="0">
              <value>
                <![CDATA[org.testng.TestRunner@735988cf]]>
              </value>
            </param>
          </params>
          <reporter-output>
          </reporter-output>
        </test-method> <!-- setUpClass -->
        <test-method is-config="true" signature="setUp()[pri:0, instance:CucumberExecutor.TestRunner@291caca8]" started-at="2024-12-05T18:24:07 IST" name="setUp" finished-at="2024-12-05T18:24:09 IST" duration-ms="1551" status="PASS">
          <reporter-output>
          </reporter-output>
        </test-method> <!-- setUp -->
        <test-method signature="runScenario(io.cucumber.testng.PickleWrapper,io.cucumber.testng.FeatureWrapper)[pri:0, instance:CucumberExecutor.TestRunner@291caca8]" started-at="2024-12-05T18:24:09 IST" name="runScenario" description="Runs Cucumber Scenarios" data-provider="scenarios" finished-at="2024-12-05T18:24:29 IST" duration-ms="20670" status="PASS">
          <params>
            <param index="0">
              <value>
                <![CDATA["Search product and place an order"]]>
              </value>
            </param>
            <param index="1">
              <value>
                <![CDATA["Advantage Demo online shopping"]]>
              </value>
            </param>
          </params>
          <reporter-output>
          </reporter-output>
        </test-method> <!-- runScenario -->
        <test-method is-config="true" signature="tearDownClass()[pri:0, instance:CucumberExecutor.TestRunner@291caca8]" started-at="2024-12-05T18:24:29 IST" name="tearDownClass" finished-at="2024-12-05T18:24:29 IST" duration-ms="303" status="PASS">
          <reporter-output>
          </reporter-output>
        </test-method> <!-- tearDownClass -->
      </class> <!-- CucumberExecutor.TestRunner -->
    </test> <!-- Default test -->
  </suite> <!-- Default suite -->
</testng-results>
